{"message": "Starting blockchain node", "node_port": 10001, "api_port": 11001, "ip": "localhost", "key_file": "keys\\node2_private_key.pem", "taskName": null, "timestamp": "2025-07-21T22:11:27.570482Z", "level": "INFO"}
{"message": "Blockchain initialized with max block size: 1.0 KB", "taskName": null, "timestamp": "2025-07-21T22:11:27.683789Z", "level": "INFO"}
{"message": "Node registered in quantum consensus", "node_public_key": "-----BEGIN PUBLIC KEY-----\nMIIBIjANBgkqhkiG9w0BAQE...", "ip": "localhost", "port": 10001, "taskName": null, "timestamp": "2025-07-21T22:11:27.854343Z", "level": "INFO"}
{"message": "Starting P2P communication", "taskName": null, "timestamp": "2025-07-21T22:11:27.855688Z", "level": "INFO"}
{"message": "Node initialisation on port: 10001", "node": {"id": "3d401ffd8545bdcc89200a7e865ae1ed33e54259e95a8ae651017033f14dcea3f7248a50c9637ad1845c74098faabf806d3432a556a0b001bbaa1b8a68690b21", "ip": "localhost", "port": 10001}, "taskName": null, "timestamp": "2025-07-21T22:11:27.856695Z", "level": "INFO"}
{"message": "No nodes connected", "taskName": null, "timestamp": "2025-07-21T22:11:27.859695Z", "level": "INFO"}
{"message": "First node config retrieved", "target_ip": "localhost", "target_port": 10000, "own_port": 10001, "port_type": "int", "taskName": null, "timestamp": "2025-07-21T22:11:27.860694Z", "level": "INFO"}
{"message": "Attempting to connect to first node", "target": "localhost:10000", "taskName": null, "timestamp": "2025-07-21T22:11:27.860694Z", "level": "INFO"}
{"message": "Connect call completed", "target": "localhost:10000", "taskName": null, "timestamp": "2025-07-21T22:11:27.862694Z", "level": "INFO"}
{"message": "Starting API server", "taskName": null, "timestamp": "2025-07-21T22:11:27.863641Z", "level": "INFO"}
{"message": "API server starting", "host": "localhost", "port": 11001, "taskName": null, "timestamp": "2025-07-21T22:11:27.863641Z", "level": "INFO"}
{"message": "Started server process [14520]", "taskName": "Task-1", "timestamp": "2025-07-21T22:11:27.947292Z", "level": "INFO"}
{"message": "Waiting for application startup.", "taskName": "Task-1", "timestamp": "2025-07-21T22:11:27.948747Z", "level": "INFO"}
{"message": "Application startup complete.", "taskName": "Task-1", "timestamp": "2025-07-21T22:11:27.948747Z", "level": "INFO"}
{"message": "Uvicorn running on http://localhost:11001 (Press CTRL+C to quit)", "taskName": "Task-1", "timestamp": "2025-07-21T22:11:27.963920Z", "level": "INFO"}
{"message": "API server thread started", "host": "localhost", "port": 11001, "taskName": null, "timestamp": "2025-07-21T22:11:29.864962Z", "level": "INFO"}
{"message": "Node fully initialized, running...", "taskName": null, "timestamp": "2025-07-21T22:11:29.865972Z", "level": "INFO"}
Exception in thread Thread-1:
Traceback (most recent call last):
  File "C:\ProgramData\miniconda3\Lib\threading.py", line 1075, in _bootstrap_inner
    self.run()
  File "D:\proofwithquantumannealing\.winvenv\Lib\site-packages\p2pnetwork\node.py", line 286, in run
    raise e
  File "D:\proofwithquantumannealing\.winvenv\Lib\site-packages\p2pnetwork\node.py", line 269, in run
    (connected_node_id, connected_node_port) = connected_node_id.split(':') # When a node is connected, it sends it id!
    ^^^^^^^^^^^^^^^^^^^^^^^^^^^^^^^^^^^^^^^^
ValueError: too many values to unpack (expected 2)
{"message": "Received block from network", "block_number": 1, "forger": "-----BEGIN PUBLIC KEY-----\nMII...", "transactions_count": 0, "current_blockchain_length": 1, "block_hash": "30615618248d5838...", "taskName": null, "timestamp": "2025-07-21T22:13:22.817085Z", "level": "INFO"}
{"message": "Block forger validated via Leader-Based Consensus", "forger": "-----BEGIN PUBLIC KEY-----\nMII...", "block_number": 1, "validation_method": "leader_authority_trust", "note": "Trusting quantum consensus selection to avoid network view inconsistencies", "taskName": null, "timestamp": "2025-07-21T22:13:22.818084Z", "level": "INFO"}
{"message": "Block validation results", "block_count_valid": true, "last_block_hash_valid": true, "forger_valid": true, "transactions_valid": true, "signature_valid": true, "taskName": null, "timestamp": "2025-07-21T22:13:22.819089Z", "level": "INFO"}
{"message": "Block validated successfully via Leader-Based Consensus", "block_number": 1, "new_blockchain_length": 2, "validations": {"last_block_hash": true, "forger": true, "transactions": true, "signature": true}, "taskName": null, "timestamp": "2025-07-21T22:13:22.819089Z", "level": "INFO"}
{"message": "Rebroadcasting validated block to network", "block_number": 1, "taskName": null, "timestamp": "2025-07-21T22:13:22.819089Z", "level": "INFO"}
{"message": "Transaction added to pool", "pool_size": 1, "transaction_type": "TRANSFER", "sender": "-----BEGIN PUBLIC KE...", "receiver": "-----BEGIN PUBLIC KE...", "source": "API", "taskName": "starlette.middleware.base.BaseHTTPMiddleware.__call__.<locals>.call_next.<locals>.coro", "timestamp": "2025-07-21T22:13:23.235268Z", "level": "INFO"}
{"message": "Transaction added to pool", "pool_size": 2, "transaction_type": "TRANSFER", "sender": "-----BEGIN PUBLIC KE...", "receiver": "-----BEGIN PUBLIC KE...", "source": "P2P", "taskName": null, "timestamp": "2025-07-21T22:13:25.060749Z", "level": "INFO"}
{"message": "Transaction added to pool", "pool_size": 3, "transaction_type": "TRANSFER", "sender": "-----BEGIN PUBLIC KE...", "receiver": "-----BEGIN PUBLIC KE...", "source": "P2P", "taskName": null, "timestamp": "2025-07-21T22:13:30.089399Z", "level": "INFO"}
{"message": "Checking forging requirement", "forging_required": true, "pool_size": 3, "node_public_key": "-----BEGIN PUBLIC KE...", "source": "P2P", "taskName": null, "timestamp": "2025-07-21T22:13:30.090362Z", "level": "INFO"}
{"message": "Attempting to forge block", "source": "P2P", "taskName": null, "timestamp": "2025-07-21T22:13:30.090362Z", "level": "INFO"}
{"message": "Forging attempt", "selected_forger": "-----BEGIN PUBLIC KEY-----\nMIIBIjANBgkqhkiG9w0BAQE...", "my_public_key": "-----BEGIN PUBLIC KEY-----\nMIIBIjANBgkqhkiG9w0BAQE...", "am_i_forger": false, "transactions_in_pool": 3, "current_blockchain_length": 2, "taskName": null, "timestamp": "2025-07-21T22:13:30.096548Z", "level": "INFO"}
{"message": "Not selected as forger", "selected_forger": "-----BEGIN PUBLIC KE...", "my_key": "-----BEGIN PUBLIC KE...", "taskName": null, "timestamp": "2025-07-21T22:13:30.098144Z", "level": "INFO"}
{"message": "Transaction added to pool", "pool_size": 4, "transaction_type": "TRANSFER", "sender": "-----BEGIN PUBLIC KE...", "receiver": "-----BEGIN PUBLIC KE...", "source": "API", "taskName": "starlette.middleware.base.BaseHTTPMiddleware.__call__.<locals>.call_next.<locals>.coro", "timestamp": "2025-07-21T22:13:30.804680Z", "level": "INFO"}
{"message": "Checking forging requirement", "forging_required": true, "pool_size": 4, "node_public_key": "-----BEGIN PUBLIC KE...", "source": "API", "taskName": "starlette.middleware.base.BaseHTTPMiddleware.__call__.<locals>.call_next.<locals>.coro", "timestamp": "2025-07-21T22:13:30.805688Z", "level": "INFO"}
{"message": "Attempting to forge block", "source": "API", "taskName": "starlette.middleware.base.BaseHTTPMiddleware.__call__.<locals>.call_next.<locals>.coro", "timestamp": "2025-07-21T22:13:31.306143Z", "level": "INFO"}
{"message": "Forging attempt", "selected_forger": "-----BEGIN PUBLIC KEY-----\nMIIBIjANBgkqhkiG9w0BAQE...", "my_public_key": "-----BEGIN PUBLIC KEY-----\nMIIBIjANBgkqhkiG9w0BAQE...", "am_i_forger": false, "transactions_in_pool": 4, "current_blockchain_length": 2, "taskName": "starlette.middleware.base.BaseHTTPMiddleware.__call__.<locals>.call_next.<locals>.coro", "timestamp": "2025-07-21T22:13:31.309194Z", "level": "INFO"}
{"message": "Not selected as forger", "selected_forger": "-----BEGIN PUBLIC KE...", "my_key": "-----BEGIN PUBLIC KE...", "taskName": "starlette.middleware.base.BaseHTTPMiddleware.__call__.<locals>.call_next.<locals>.coro", "timestamp": "2025-07-21T22:13:31.309194Z", "level": "INFO"}
{"message": "Received block from network", "block_number": 2, "forger": "-----BEGIN PUBLIC KEY-----\nMII...", "transactions_count": 0, "current_blockchain_length": 2, "block_hash": "91ef1de2fcfc12e6...", "taskName": null, "timestamp": "2025-07-21T22:13:31.424325Z", "level": "INFO"}
{"message": "Block forger validated via Leader-Based Consensus", "forger": "-----BEGIN PUBLIC KEY-----\nMII...", "block_number": 2, "validation_method": "leader_authority_trust", "note": "Trusting quantum consensus selection to avoid network view inconsistencies", "taskName": null, "timestamp": "2025-07-21T22:13:31.425754Z", "level": "INFO"}
{"message": "Block validation results", "block_count_valid": true, "last_block_hash_valid": true, "forger_valid": true, "transactions_valid": true, "signature_valid": true, "taskName": null, "timestamp": "2025-07-21T22:13:31.427263Z", "level": "INFO"}
{"message": "Block validated successfully via Leader-Based Consensus", "block_number": 2, "new_blockchain_length": 3, "validations": {"last_block_hash": true, "forger": true, "transactions": true, "signature": true}, "taskName": null, "timestamp": "2025-07-21T22:13:31.427263Z", "level": "INFO"}
{"message": "Rebroadcasting validated block to network", "block_number": 2, "taskName": null, "timestamp": "2025-07-21T22:13:31.427263Z", "level": "INFO"}
{"message": "Transaction added to pool", "pool_size": 5, "transaction_type": "TRANSFER", "sender": "-----BEGIN PUBLIC KE...", "receiver": "-----BEGIN PUBLIC KE...", "source": "API", "taskName": "starlette.middleware.base.BaseHTTPMiddleware.__call__.<locals>.call_next.<locals>.coro", "timestamp": "2025-07-21T22:13:37.562882Z", "level": "INFO"}
{"message": "Checking forging requirement", "forging_required": true, "pool_size": 5, "node_public_key": "-----BEGIN PUBLIC KE...", "source": "API", "taskName": "starlette.middleware.base.BaseHTTPMiddleware.__call__.<locals>.call_next.<locals>.coro", "timestamp": "2025-07-21T22:13:37.563883Z", "level": "INFO"}
{"message": "Attempting to forge block", "source": "API", "taskName": "starlette.middleware.base.BaseHTTPMiddleware.__call__.<locals>.call_next.<locals>.coro", "timestamp": "2025-07-21T22:13:38.064833Z", "level": "INFO"}
{"message": "Forging attempt", "selected_forger": "-----BEGIN PUBLIC KEY-----\nMIIBIjANBgkqhkiG9w0BAQE...", "my_public_key": "-----BEGIN PUBLIC KEY-----\nMIIBIjANBgkqhkiG9w0BAQE...", "am_i_forger": false, "transactions_in_pool": 5, "current_blockchain_length": 3, "taskName": "starlette.middleware.base.BaseHTTPMiddleware.__call__.<locals>.call_next.<locals>.coro", "timestamp": "2025-07-21T22:13:38.067099Z", "level": "INFO"}
{"message": "Not selected as forger", "selected_forger": "-----BEGIN PUBLIC KE...", "my_key": "-----BEGIN PUBLIC KE...", "taskName": "starlette.middleware.base.BaseHTTPMiddleware.__call__.<locals>.call_next.<locals>.coro", "timestamp": "2025-07-21T22:13:38.067099Z", "level": "INFO"}
{"message": "Transaction added to pool", "pool_size": 6, "transaction_type": "TRANSFER", "sender": "-----BEGIN PUBLIC KE...", "receiver": "-----BEGIN PUBLIC KE...", "source": "P2P", "taskName": null, "timestamp": "2025-07-21T22:13:39.414853Z", "level": "INFO"}
{"message": "Checking forging requirement", "forging_required": true, "pool_size": 6, "node_public_key": "-----BEGIN PUBLIC KE...", "source": "P2P", "taskName": null, "timestamp": "2025-07-21T22:13:39.415367Z", "level": "INFO"}
{"message": "Attempting to forge block", "source": "P2P", "taskName": null, "timestamp": "2025-07-21T22:13:39.415367Z", "level": "INFO"}
{"message": "Forging attempt", "selected_forger": "-----BEGIN PUBLIC KEY-----\nMIIBIjANBgkqhkiG9w0BAQE...", "my_public_key": "-----BEGIN PUBLIC KEY-----\nMIIBIjANBgkqhkiG9w0BAQE...", "am_i_forger": false, "transactions_in_pool": 6, "current_blockchain_length": 3, "taskName": null, "timestamp": "2025-07-21T22:13:39.418658Z", "level": "INFO"}
{"message": "Not selected as forger", "selected_forger": "-----BEGIN PUBLIC KE...", "my_key": "-----BEGIN PUBLIC KE...", "taskName": null, "timestamp": "2025-07-21T22:13:39.419658Z", "level": "INFO"}
{"message": "Received block from network", "block_number": 3, "forger": "-----BEGIN PUBLIC KEY-----\nMII...", "transactions_count": 0, "current_blockchain_length": 3, "block_hash": "0d60ad4c39dafe3c...", "taskName": null, "timestamp": "2025-07-21T22:13:41.374588Z", "level": "INFO"}
{"message": "Block forger validated via Leader-Based Consensus", "forger": "-----BEGIN PUBLIC KEY-----\nMII...", "block_number": 3, "validation_method": "leader_authority_trust", "note": "Trusting quantum consensus selection to avoid network view inconsistencies", "taskName": null, "timestamp": "2025-07-21T22:13:41.375595Z", "level": "INFO"}
{"message": "Block validation results", "block_count_valid": true, "last_block_hash_valid": true, "forger_valid": true, "transactions_valid": true, "signature_valid": true, "taskName": null, "timestamp": "2025-07-21T22:13:41.376597Z", "level": "INFO"}
{"message": "Block validated successfully via Leader-Based Consensus", "block_number": 3, "new_blockchain_length": 4, "validations": {"last_block_hash": true, "forger": true, "transactions": true, "signature": true}, "taskName": null, "timestamp": "2025-07-21T22:13:41.376597Z", "level": "INFO"}
{"message": "Rebroadcasting validated block to network", "block_number": 3, "taskName": null, "timestamp": "2025-07-21T22:13:41.376597Z", "level": "INFO"}
{"message": "Transaction added to pool", "pool_size": 7, "transaction_type": "TRANSFER", "sender": "-----BEGIN PUBLIC KE...", "receiver": "-----BEGIN PUBLIC KE...", "source": "P2P", "taskName": null, "timestamp": "2025-07-21T22:13:41.378778Z", "level": "INFO"}
{"message": "Checking forging requirement", "forging_required": true, "pool_size": 7, "node_public_key": "-----BEGIN PUBLIC KE...", "source": "P2P", "taskName": null, "timestamp": "2025-07-21T22:13:41.378778Z", "level": "INFO"}
{"message": "Attempting to forge block", "source": "P2P", "taskName": null, "timestamp": "2025-07-21T22:13:41.379778Z", "level": "INFO"}
{"message": "Forging attempt", "selected_forger": "-----BEGIN PUBLIC KEY-----\nMIIBIjANBgkqhkiG9w0BAQE...", "my_public_key": "-----BEGIN PUBLIC KEY-----\nMIIBIjANBgkqhkiG9w0BAQE...", "am_i_forger": false, "transactions_in_pool": 7, "current_blockchain_length": 4, "taskName": null, "timestamp": "2025-07-21T22:13:41.381779Z", "level": "INFO"}
{"message": "Not selected as forger", "selected_forger": "-----BEGIN PUBLIC KE...", "my_key": "-----BEGIN PUBLIC KE...", "taskName": null, "timestamp": "2025-07-21T22:13:41.381779Z", "level": "INFO"}
{"message": "Transaction added to pool", "pool_size": 8, "transaction_type": "TRANSFER", "sender": "-----BEGIN PUBLIC KE...", "receiver": "-----BEGIN PUBLIC KE...", "source": "P2P", "taskName": null, "timestamp": "2025-07-21T22:13:44.565297Z", "level": "INFO"}
{"message": "Checking forging requirement", "forging_required": true, "pool_size": 8, "node_public_key": "-----BEGIN PUBLIC KE...", "source": "P2P", "taskName": null, "timestamp": "2025-07-21T22:13:44.566338Z", "level": "INFO"}
{"message": "Attempting to forge block", "source": "P2P", "taskName": null, "timestamp": "2025-07-21T22:13:44.566338Z", "level": "INFO"}
{"message": "Forging attempt", "selected_forger": "-----BEGIN PUBLIC KEY-----\nMIIBIjANBgkqhkiG9w0BAQE...", "my_public_key": "-----BEGIN PUBLIC KEY-----\nMIIBIjANBgkqhkiG9w0BAQE...", "am_i_forger": false, "transactions_in_pool": 8, "current_blockchain_length": 4, "taskName": null, "timestamp": "2025-07-21T22:13:44.568347Z", "level": "INFO"}
{"message": "Not selected as forger", "selected_forger": "-----BEGIN PUBLIC KE...", "my_key": "-----BEGIN PUBLIC KE...", "taskName": null, "timestamp": "2025-07-21T22:13:44.569349Z", "level": "INFO"}
{"message": "Transaction added to pool", "pool_size": 9, "transaction_type": "TRANSFER", "sender": "-----BEGIN PUBLIC KE...", "receiver": "-----BEGIN PUBLIC KE...", "source": "API", "taskName": "starlette.middleware.base.BaseHTTPMiddleware.__call__.<locals>.call_next.<locals>.coro", "timestamp": "2025-07-21T22:13:44.672324Z", "level": "INFO"}
{"message": "Checking forging requirement", "forging_required": true, "pool_size": 9, "node_public_key": "-----BEGIN PUBLIC KE...", "source": "API", "taskName": "starlette.middleware.base.BaseHTTPMiddleware.__call__.<locals>.call_next.<locals>.coro", "timestamp": "2025-07-21T22:13:44.674018Z", "level": "INFO"}
{"message": "Attempting to forge block", "source": "API", "taskName": "starlette.middleware.base.BaseHTTPMiddleware.__call__.<locals>.call_next.<locals>.coro", "timestamp": "2025-07-21T22:13:45.174818Z", "level": "INFO"}
{"message": "Forging attempt", "selected_forger": "-----BEGIN PUBLIC KEY-----\nMIIBIjANBgkqhkiG9w0BAQE...", "my_public_key": "-----BEGIN PUBLIC KEY-----\nMIIBIjANBgkqhkiG9w0BAQE...", "am_i_forger": false, "transactions_in_pool": 9, "current_blockchain_length": 4, "taskName": "starlette.middleware.base.BaseHTTPMiddleware.__call__.<locals>.call_next.<locals>.coro", "timestamp": "2025-07-21T22:13:45.176381Z", "level": "INFO"}
{"message": "Not selected as forger", "selected_forger": "-----BEGIN PUBLIC KE...", "my_key": "-----BEGIN PUBLIC KE...", "taskName": "starlette.middleware.base.BaseHTTPMiddleware.__call__.<locals>.call_next.<locals>.coro", "timestamp": "2025-07-21T22:13:45.177389Z", "level": "INFO"}
{"message": "Received block from network", "block_number": 4, "forger": "-----BEGIN PUBLIC KEY-----\nMII...", "transactions_count": 0, "current_blockchain_length": 4, "block_hash": "fb0baef6da439281...", "taskName": null, "timestamp": "2025-07-21T22:13:47.736227Z", "level": "INFO"}
{"message": "Block forger validated via Leader-Based Consensus", "forger": "-----BEGIN PUBLIC KEY-----\nMII...", "block_number": 4, "validation_method": "leader_authority_trust", "note": "Trusting quantum consensus selection to avoid network view inconsistencies", "taskName": null, "timestamp": "2025-07-21T22:13:47.737228Z", "level": "INFO"}
{"message": "Block validation results", "block_count_valid": true, "last_block_hash_valid": true, "forger_valid": true, "transactions_valid": true, "signature_valid": true, "taskName": null, "timestamp": "2025-07-21T22:13:47.738227Z", "level": "INFO"}
{"message": "Block validated successfully via Leader-Based Consensus", "block_number": 4, "new_blockchain_length": 5, "validations": {"last_block_hash": true, "forger": true, "transactions": true, "signature": true}, "taskName": null, "timestamp": "2025-07-21T22:13:47.738227Z", "level": "INFO"}
{"message": "Rebroadcasting validated block to network", "block_number": 4, "taskName": null, "timestamp": "2025-07-21T22:13:47.738227Z", "level": "INFO"}
{"message": "Transaction added to pool", "pool_size": 10, "transaction_type": "TRANSFER", "sender": "-----BEGIN PUBLIC KE...", "receiver": "-----BEGIN PUBLIC KE...", "source": "API", "taskName": "starlette.middleware.base.BaseHTTPMiddleware.__call__.<locals>.call_next.<locals>.coro", "timestamp": "2025-07-21T22:13:49.581079Z", "level": "INFO"}
{"message": "Checking forging requirement", "forging_required": true, "pool_size": 10, "node_public_key": "-----BEGIN PUBLIC KE...", "source": "API", "taskName": "starlette.middleware.base.BaseHTTPMiddleware.__call__.<locals>.call_next.<locals>.coro", "timestamp": "2025-07-21T22:13:49.582598Z", "level": "INFO"}
{"message": "Attempting to forge block", "source": "API", "taskName": "starlette.middleware.base.BaseHTTPMiddleware.__call__.<locals>.call_next.<locals>.coro", "timestamp": "2025-07-21T22:13:50.083949Z", "level": "INFO"}
{"message": "Forging attempt", "selected_forger": "-----BEGIN PUBLIC KEY-----\nMIIBIjANBgkqhkiG9w0BAQE...", "my_public_key": "-----BEGIN PUBLIC KEY-----\nMIIBIjANBgkqhkiG9w0BAQE...", "am_i_forger": false, "transactions_in_pool": 10, "current_blockchain_length": 5, "taskName": "starlette.middleware.base.BaseHTTPMiddleware.__call__.<locals>.call_next.<locals>.coro", "timestamp": "2025-07-21T22:13:50.085980Z", "level": "INFO"}
{"message": "Not selected as forger", "selected_forger": "-----BEGIN PUBLIC KE...", "my_key": "-----BEGIN PUBLIC KE...", "taskName": "starlette.middleware.base.BaseHTTPMiddleware.__call__.<locals>.call_next.<locals>.coro", "timestamp": "2025-07-21T22:13:50.085980Z", "level": "INFO"}
{"message": "Transaction added to pool", "pool_size": 11, "transaction_type": "TRANSFER", "sender": "-----BEGIN PUBLIC KE...", "receiver": "-----BEGIN PUBLIC KE...", "source": "API", "taskName": "starlette.middleware.base.BaseHTTPMiddleware.__call__.<locals>.call_next.<locals>.coro", "timestamp": "2025-07-21T22:13:52.649003Z", "level": "INFO"}
{"message": "Checking forging requirement", "forging_required": true, "pool_size": 11, "node_public_key": "-----BEGIN PUBLIC KE...", "source": "API", "taskName": "starlette.middleware.base.BaseHTTPMiddleware.__call__.<locals>.call_next.<locals>.coro", "timestamp": "2025-07-21T22:13:52.650003Z", "level": "INFO"}
{"message": "Attempting to forge block", "source": "API", "taskName": "starlette.middleware.base.BaseHTTPMiddleware.__call__.<locals>.call_next.<locals>.coro", "timestamp": "2025-07-21T22:13:53.150672Z", "level": "INFO"}
{"message": "Forging attempt", "selected_forger": "-----BEGIN PUBLIC KEY-----\nMIIBIjANBgkqhkiG9w0BAQE...", "my_public_key": "-----BEGIN PUBLIC KEY-----\nMIIBIjANBgkqhkiG9w0BAQE...", "am_i_forger": false, "transactions_in_pool": 11, "current_blockchain_length": 5, "taskName": "starlette.middleware.base.BaseHTTPMiddleware.__call__.<locals>.call_next.<locals>.coro", "timestamp": "2025-07-21T22:13:53.161517Z", "level": "INFO"}
{"message": "Not selected as forger", "selected_forger": "-----BEGIN PUBLIC KE...", "my_key": "-----BEGIN PUBLIC KE...", "taskName": "starlette.middleware.base.BaseHTTPMiddleware.__call__.<locals>.call_next.<locals>.coro", "timestamp": "2025-07-21T22:13:53.161517Z", "level": "INFO"}
{"message": "Received block from network", "block_number": 5, "forger": "-----BEGIN PUBLIC KEY-----\nMII...", "transactions_count": 0, "current_blockchain_length": 5, "block_hash": "c765017e72fb404d...", "taskName": null, "timestamp": "2025-07-21T22:13:56.334535Z", "level": "INFO"}
{"message": "Block forger validated via Leader-Based Consensus", "forger": "-----BEGIN PUBLIC KEY-----\nMII...", "block_number": 5, "validation_method": "leader_authority_trust", "note": "Trusting quantum consensus selection to avoid network view inconsistencies", "taskName": null, "timestamp": "2025-07-21T22:13:56.334535Z", "level": "INFO"}
{"message": "Block validation results", "block_count_valid": true, "last_block_hash_valid": true, "forger_valid": true, "transactions_valid": true, "signature_valid": true, "taskName": null, "timestamp": "2025-07-21T22:13:56.335543Z", "level": "INFO"}
{"message": "Block validated successfully via Leader-Based Consensus", "block_number": 5, "new_blockchain_length": 6, "validations": {"last_block_hash": true, "forger": true, "transactions": true, "signature": true}, "taskName": null, "timestamp": "2025-07-21T22:13:56.336061Z", "level": "INFO"}
{"message": "Rebroadcasting validated block to network", "block_number": 5, "taskName": null, "timestamp": "2025-07-21T22:13:56.336061Z", "level": "INFO"}
{"message": "Transaction added to pool", "pool_size": 12, "transaction_type": "TRANSFER", "sender": "-----BEGIN PUBLIC KE...", "receiver": "-----BEGIN PUBLIC KE...", "source": "P2P", "taskName": null, "timestamp": "2025-07-21T22:13:58.183619Z", "level": "INFO"}
{"message": "Checking forging requirement", "forging_required": true, "pool_size": 12, "node_public_key": "-----BEGIN PUBLIC KE...", "source": "P2P", "taskName": null, "timestamp": "2025-07-21T22:13:58.184626Z", "level": "INFO"}
{"message": "Attempting to forge block", "source": "P2P", "taskName": null, "timestamp": "2025-07-21T22:13:58.184626Z", "level": "INFO"}
{"message": "Forging attempt", "selected_forger": "-----BEGIN PUBLIC KEY-----\nMIIBIjANBgkqhkiG9w0BAQE...", "my_public_key": "-----BEGIN PUBLIC KEY-----\nMIIBIjANBgkqhkiG9w0BAQE...", "am_i_forger": false, "transactions_in_pool": 12, "current_blockchain_length": 6, "taskName": null, "timestamp": "2025-07-21T22:13:58.187628Z", "level": "INFO"}
{"message": "Not selected as forger", "selected_forger": "-----BEGIN PUBLIC KE...", "my_key": "-----BEGIN PUBLIC KE...", "taskName": null, "timestamp": "2025-07-21T22:13:58.187628Z", "level": "INFO"}
{"message": "Transaction added to pool", "pool_size": 13, "transaction_type": "TRANSFER", "sender": "-----BEGIN PUBLIC KE...", "receiver": "-----BEGIN PUBLIC KE...", "source": "API", "taskName": "starlette.middleware.base.BaseHTTPMiddleware.__call__.<locals>.call_next.<locals>.coro", "timestamp": "2025-07-21T22:14:00.736668Z", "level": "INFO"}
{"message": "Checking forging requirement", "forging_required": true, "pool_size": 13, "node_public_key": "-----BEGIN PUBLIC KE...", "source": "API", "taskName": "starlette.middleware.base.BaseHTTPMiddleware.__call__.<locals>.call_next.<locals>.coro", "timestamp": "2025-07-21T22:14:00.736668Z", "level": "INFO"}
{"message": "Attempting to forge block", "source": "API", "taskName": "starlette.middleware.base.BaseHTTPMiddleware.__call__.<locals>.call_next.<locals>.coro", "timestamp": "2025-07-21T22:14:01.238046Z", "level": "INFO"}
{"message": "Forging attempt", "selected_forger": "-----BEGIN PUBLIC KEY-----\nMIIBIjANBgkqhkiG9w0BAQE...", "my_public_key": "-----BEGIN PUBLIC KEY-----\nMIIBIjANBgkqhkiG9w0BAQE...", "am_i_forger": false, "transactions_in_pool": 13, "current_blockchain_length": 6, "taskName": "starlette.middleware.base.BaseHTTPMiddleware.__call__.<locals>.call_next.<locals>.coro", "timestamp": "2025-07-21T22:14:01.240051Z", "level": "INFO"}
{"message": "Not selected as forger", "selected_forger": "-----BEGIN PUBLIC KE...", "my_key": "-----BEGIN PUBLIC KE...", "taskName": "starlette.middleware.base.BaseHTTPMiddleware.__call__.<locals>.call_next.<locals>.coro", "timestamp": "2025-07-21T22:14:01.240051Z", "level": "INFO"}
{"message": "Received block from network", "block_number": 6, "forger": "-----BEGIN PUBLIC KEY-----\nMII...", "transactions_count": 0, "current_blockchain_length": 6, "block_hash": "b712c45dd471f053...", "taskName": null, "timestamp": "2025-07-21T22:14:04.437660Z", "level": "INFO"}
{"message": "Block forger validated via Leader-Based Consensus", "forger": "-----BEGIN PUBLIC KEY-----\nMII...", "block_number": 6, "validation_method": "leader_authority_trust", "note": "Trusting quantum consensus selection to avoid network view inconsistencies", "taskName": null, "timestamp": "2025-07-21T22:14:04.437660Z", "level": "INFO"}
{"message": "Block validation results", "block_count_valid": true, "last_block_hash_valid": true, "forger_valid": true, "transactions_valid": true, "signature_valid": true, "taskName": null, "timestamp": "2025-07-21T22:14:04.438980Z", "level": "INFO"}
{"message": "Block validated successfully via Leader-Based Consensus", "block_number": 6, "new_blockchain_length": 7, "validations": {"last_block_hash": true, "forger": true, "transactions": true, "signature": true}, "taskName": null, "timestamp": "2025-07-21T22:14:04.438980Z", "level": "INFO"}
{"message": "Rebroadcasting validated block to network", "block_number": 6, "taskName": null, "timestamp": "2025-07-21T22:14:04.438980Z", "level": "INFO"}
{"message": "Transaction added to pool", "pool_size": 14, "transaction_type": "TRANSFER", "sender": "-----BEGIN PUBLIC KE...", "receiver": "-----BEGIN PUBLIC KE...", "source": "P2P", "taskName": null, "timestamp": "2025-07-21T22:14:05.657531Z", "level": "INFO"}
{"message": "Checking forging requirement", "forging_required": true, "pool_size": 14, "node_public_key": "-----BEGIN PUBLIC KE...", "source": "P2P", "taskName": null, "timestamp": "2025-07-21T22:14:05.658335Z", "level": "INFO"}
{"message": "Attempting to forge block", "source": "P2P", "taskName": null, "timestamp": "2025-07-21T22:14:05.658335Z", "level": "INFO"}
{"message": "Forging attempt", "selected_forger": "-----BEGIN PUBLIC KEY-----\nMIIBIjANBgkqhkiG9w0BAQE...", "my_public_key": "-----BEGIN PUBLIC KEY-----\nMIIBIjANBgkqhkiG9w0BAQE...", "am_i_forger": false, "transactions_in_pool": 14, "current_blockchain_length": 7, "taskName": null, "timestamp": "2025-07-21T22:14:05.661338Z", "level": "INFO"}
{"message": "Not selected as forger", "selected_forger": "-----BEGIN PUBLIC KE...", "my_key": "-----BEGIN PUBLIC KE...", "taskName": null, "timestamp": "2025-07-21T22:14:05.661338Z", "level": "INFO"}
{"message": "Transaction added to pool", "pool_size": 15, "transaction_type": "TRANSFER", "sender": "-----BEGIN PUBLIC KE...", "receiver": "-----BEGIN PUBLIC KE...", "source": "API", "taskName": "starlette.middleware.base.BaseHTTPMiddleware.__call__.<locals>.call_next.<locals>.coro", "timestamp": "2025-07-21T22:14:05.763634Z", "level": "INFO"}
{"message": "Checking forging requirement", "forging_required": true, "pool_size": 15, "node_public_key": "-----BEGIN PUBLIC KE...", "source": "API", "taskName": "starlette.middleware.base.BaseHTTPMiddleware.__call__.<locals>.call_next.<locals>.coro", "timestamp": "2025-07-21T22:14:05.763634Z", "level": "INFO"}
{"message": "Attempting to forge block", "source": "API", "taskName": "starlette.middleware.base.BaseHTTPMiddleware.__call__.<locals>.call_next.<locals>.coro", "timestamp": "2025-07-21T22:14:06.265209Z", "level": "INFO"}
{"message": "Forging attempt", "selected_forger": "-----BEGIN PUBLIC KEY-----\nMIIBIjANBgkqhkiG9w0BAQE...", "my_public_key": "-----BEGIN PUBLIC KEY-----\nMIIBIjANBgkqhkiG9w0BAQE...", "am_i_forger": false, "transactions_in_pool": 15, "current_blockchain_length": 7, "taskName": "starlette.middleware.base.BaseHTTPMiddleware.__call__.<locals>.call_next.<locals>.coro", "timestamp": "2025-07-21T22:14:06.267217Z", "level": "INFO"}
{"message": "Not selected as forger", "selected_forger": "-----BEGIN PUBLIC KE...", "my_key": "-----BEGIN PUBLIC KE...", "taskName": "starlette.middleware.base.BaseHTTPMiddleware.__call__.<locals>.call_next.<locals>.coro", "timestamp": "2025-07-21T22:14:06.267217Z", "level": "INFO"}
{"message": "Transaction added to pool", "pool_size": 16, "transaction_type": "TRANSFER", "sender": "-----BEGIN PUBLIC KE...", "receiver": "-----BEGIN PUBLIC KE...", "source": "P2P", "taskName": null, "timestamp": "2025-07-21T22:14:09.478419Z", "level": "INFO"}
{"message": "Checking forging requirement", "forging_required": true, "pool_size": 16, "node_public_key": "-----BEGIN PUBLIC KE...", "source": "P2P", "taskName": null, "timestamp": "2025-07-21T22:14:09.479427Z", "level": "INFO"}
{"message": "Attempting to forge block", "source": "P2P", "taskName": null, "timestamp": "2025-07-21T22:14:09.479427Z", "level": "INFO"}
{"message": "Forging attempt", "selected_forger": "-----BEGIN PUBLIC KEY-----\nMIIBIjANBgkqhkiG9w0BAQE...", "my_public_key": "-----BEGIN PUBLIC KEY-----\nMIIBIjANBgkqhkiG9w0BAQE...", "am_i_forger": false, "transactions_in_pool": 16, "current_blockchain_length": 7, "taskName": null, "timestamp": "2025-07-21T22:14:09.482582Z", "level": "INFO"}
{"message": "Not selected as forger", "selected_forger": "-----BEGIN PUBLIC KE...", "my_key": "-----BEGIN PUBLIC KE...", "taskName": null, "timestamp": "2025-07-21T22:14:09.483580Z", "level": "INFO"}
{"message": "Transaction added to pool", "pool_size": 17, "transaction_type": "TRANSFER", "sender": "-----BEGIN PUBLIC KE...", "receiver": "-----BEGIN PUBLIC KE...", "source": "P2P", "taskName": null, "timestamp": "2025-07-21T22:14:12.032144Z", "level": "INFO"}
{"message": "Checking forging requirement", "forging_required": true, "pool_size": 17, "node_public_key": "-----BEGIN PUBLIC KE...", "source": "P2P", "taskName": null, "timestamp": "2025-07-21T22:14:12.032655Z", "level": "INFO"}
{"message": "Attempting to forge block", "source": "P2P", "taskName": null, "timestamp": "2025-07-21T22:14:12.033665Z", "level": "INFO"}
{"message": "Forging attempt", "selected_forger": "-----BEGIN PUBLIC KEY-----\nMIIBIjANBgkqhkiG9w0BAQE...", "my_public_key": "-----BEGIN PUBLIC KEY-----\nMIIBIjANBgkqhkiG9w0BAQE...", "am_i_forger": false, "transactions_in_pool": 17, "current_blockchain_length": 7, "taskName": null, "timestamp": "2025-07-21T22:14:12.035667Z", "level": "INFO"}
{"message": "Not selected as forger", "selected_forger": "-----BEGIN PUBLIC KE...", "my_key": "-----BEGIN PUBLIC KE...", "taskName": null, "timestamp": "2025-07-21T22:14:12.036667Z", "level": "INFO"}
{"message": "Transaction added to pool", "pool_size": 18, "transaction_type": "TRANSFER", "sender": "-----BEGIN PUBLIC KE...", "receiver": "-----BEGIN PUBLIC KE...", "source": "P2P", "taskName": null, "timestamp": "2025-07-21T22:16:51.833137Z", "level": "INFO"}
{"message": "Checking forging requirement", "forging_required": true, "pool_size": 18, "node_public_key": "-----BEGIN PUBLIC KE...", "source": "P2P", "taskName": null, "timestamp": "2025-07-21T22:16:51.835145Z", "level": "INFO"}
{"message": "Attempting to forge block", "source": "P2P", "taskName": null, "timestamp": "2025-07-21T22:16:51.835145Z", "level": "INFO"}
{"message": "Forging attempt", "selected_forger": "-----BEGIN PUBLIC KEY-----\nMIIBIjANBgkqhkiG9w0BAQE...", "my_public_key": "-----BEGIN PUBLIC KEY-----\nMIIBIjANBgkqhkiG9w0BAQE...", "am_i_forger": true, "transactions_in_pool": 18, "current_blockchain_length": 7, "taskName": null, "timestamp": "2025-07-21T22:16:51.836146Z", "level": "INFO"}
{"message": "I am selected as forger, proceeding with block creation", "expected_block_count": 7, "current_time": 1753136211.836146, "transactions_available": 18, "taskName": null, "timestamp": "2025-07-21T22:16:51.836146Z", "level": "INFO"}
{"message": "Created block exceeds size limit: 1144 > 1024 bytes", "taskName": null, "timestamp": "2025-07-21T22:16:51.838951Z", "level": "WARNING"}
{"message": "Block forged successfully", "block_number": 7, "transactions_included": 0, "forger": "-----BEGIN PUBLIC KE...", "block_timestamp": 1753136211.8371465, "block_hash": "a5170f424b0c8eef...", "remaining_in_pool": 18, "taskName": null, "timestamp": "2025-07-21T22:16:51.839952Z", "level": "INFO"}
{"message": "Block broadcast to network", "block_number": 7, "remaining_transactions": 18, "peers_notified": 1, "taskName": null, "timestamp": "2025-07-21T22:16:51.840951Z", "level": "INFO"}
{"message": "Transaction added to pool", "pool_size": 19, "transaction_type": "TRANSFER", "sender": "-----BEGIN PUBLIC KE...", "receiver": "-----BEGIN PUBLIC KE...", "source": "API", "taskName": "starlette.middleware.base.BaseHTTPMiddleware.__call__.<locals>.call_next.<locals>.coro", "timestamp": "2025-07-21T22:16:52.012345Z", "level": "INFO"}
{"message": "Received block from network", "block_number": 7, "forger": "-----BEGIN PUBLIC KEY-----\nMII...", "transactions_count": 0, "current_blockchain_length": 8, "block_hash": "8273aff02c734d8f...", "taskName": null, "timestamp": "2025-07-21T22:16:52.416591Z", "level": "INFO"}
{"message": "Block already exists, ignoring", "block_number": 7, "current_length": 8, "taskName": null, "timestamp": "2025-07-21T22:16:52.421280Z", "level": "INFO"}
{"message": "Received block from network", "block_number": 7, "forger": "-----BEGIN PUBLIC KEY-----\nMII...", "transactions_count": 0, "current_blockchain_length": 8, "block_hash": "6b7c1c26e8290d6f...", "taskName": null, "timestamp": "2025-07-21T22:16:52.422288Z", "level": "INFO"}
{"message": "Block already exists, ignoring", "block_number": 7, "current_length": 8, "taskName": null, "timestamp": "2025-07-21T22:16:52.422793Z", "level": "INFO"}
{"message": "Received block from network", "block_number": 11, "forger": "-----BEGIN PUBLIC KEY-----\nMII...", "transactions_count": 0, "current_blockchain_length": 8, "block_hash": "4f5c074bf421d3d5...", "taskName": null, "timestamp": "2025-07-21T22:16:52.424231Z", "level": "INFO"}
{"message": "Block forger validated via Leader-Based Consensus", "forger": "-----BEGIN PUBLIC KEY-----\nMII...", "block_number": 11, "validation_method": "leader_authority_trust", "note": "Trusting quantum consensus selection to avoid network view inconsistencies", "taskName": null, "timestamp": "2025-07-21T22:16:52.425778Z", "level": "INFO"}
{"message": "Block validation results", "block_count_valid": false, "last_block_hash_valid": false, "forger_valid": true, "transactions_valid": true, "signature_valid": true, "taskName": null, "timestamp": "2025-07-21T22:16:52.427297Z", "level": "INFO"}
{"message": "Block count invalid, requesting full chain", "taskName": null, "timestamp": "2025-07-21T22:16:52.428354Z", "level": "INFO"}
{"message": "Block rejected due to core validation failures", "block_number": 11, "forger": "-----BEGIN PUBLIC KEY-----\nMII...", "failed_validations": {"last_block_hash": true, "transactions": false, "signature": false}, "note": "Block rejected due to fundamental validation failures (not forger mismatch)", "taskName": null, "timestamp": "2025-07-21T22:16:52.428954Z", "level": "WARNING"}
{"message": "Transaction added to pool", "pool_size": 20, "transaction_type": "TRANSFER", "sender": "-----BEGIN PUBLIC KE...", "receiver": "-----BEGIN PUBLIC KE...", "source": "API", "taskName": "starlette.middleware.base.BaseHTTPMiddleware.__call__.<locals>.call_next.<locals>.coro", "timestamp": "2025-07-21T22:16:52.543881Z", "level": "INFO"}
{"message": "Checking forging requirement", "forging_required": false, "pool_size": 20, "node_public_key": "-----BEGIN PUBLIC KE...", "source": "API", "taskName": "starlette.middleware.base.BaseHTTPMiddleware.__call__.<locals>.call_next.<locals>.coro", "timestamp": "2025-07-21T22:16:52.544910Z", "level": "INFO"}
{"message": "Transaction added to pool", "pool_size": 21, "transaction_type": "TRANSFER", "sender": "-----BEGIN PUBLIC KE...", "receiver": "-----BEGIN PUBLIC KE...", "source": "API", "taskName": "starlette.middleware.base.BaseHTTPMiddleware.__call__.<locals>.call_next.<locals>.coro", "timestamp": "2025-07-21T22:16:52.910885Z", "level": "INFO"}
{"message": "Transaction added to pool", "pool_size": 22, "transaction_type": "TRANSFER", "sender": "-----BEGIN PUBLIC KE...", "receiver": "-----BEGIN PUBLIC KE...", "source": "P2P", "taskName": null, "timestamp": "2025-07-21T22:16:52.933689Z", "level": "INFO"}
{"message": "Transaction added to pool", "pool_size": 23, "transaction_type": "TRANSFER", "sender": "-----BEGIN PUBLIC KE...", "receiver": "-----BEGIN PUBLIC KE...", "source": "P2P", "taskName": null, "timestamp": "2025-07-21T22:16:52.935713Z", "level": "INFO"}
{"message": "Transaction added to pool", "pool_size": 24, "transaction_type": "TRANSFER", "sender": "-----BEGIN PUBLIC KE...", "receiver": "-----BEGIN PUBLIC KE...", "source": "P2P", "taskName": null, "timestamp": "2025-07-21T22:16:52.936820Z", "level": "INFO"}
{"message": "Transaction added to pool", "pool_size": 25, "transaction_type": "TRANSFER", "sender": "-----BEGIN PUBLIC KE...", "receiver": "-----BEGIN PUBLIC KE...", "source": "P2P", "taskName": null, "timestamp": "2025-07-21T22:16:52.937849Z", "level": "INFO"}
{"message": "Checking forging requirement", "forging_required": false, "pool_size": 25, "node_public_key": "-----BEGIN PUBLIC KE...", "source": "P2P", "taskName": null, "timestamp": "2025-07-21T22:16:52.938371Z", "level": "INFO"}
{"message": "Transaction added to pool", "pool_size": 26, "transaction_type": "TRANSFER", "sender": "-----BEGIN PUBLIC KE...", "receiver": "-----BEGIN PUBLIC KE...", "source": "P2P", "taskName": null, "timestamp": "2025-07-21T22:16:52.939887Z", "level": "INFO"}
{"message": "Transaction added to pool", "pool_size": 27, "transaction_type": "TRANSFER", "sender": "-----BEGIN PUBLIC KE...", "receiver": "-----BEGIN PUBLIC KE...", "source": "API", "taskName": "starlette.middleware.base.BaseHTTPMiddleware.__call__.<locals>.call_next.<locals>.coro", "timestamp": "2025-07-21T22:16:53.030553Z", "level": "INFO"}
{"message": "Transaction added to pool", "pool_size": 28, "transaction_type": "TRANSFER", "sender": "-----BEGIN PUBLIC KE...", "receiver": "-----BEGIN PUBLIC KE...", "source": "API", "taskName": "starlette.middleware.base.BaseHTTPMiddleware.__call__.<locals>.call_next.<locals>.coro", "timestamp": "2025-07-21T22:16:53.041455Z", "level": "INFO"}
{"message": "Transaction added to pool", "pool_size": 29, "transaction_type": "TRANSFER", "sender": "-----BEGIN PUBLIC KE...", "receiver": "-----BEGIN PUBLIC KE...", "source": "API", "taskName": "starlette.middleware.base.BaseHTTPMiddleware.__call__.<locals>.call_next.<locals>.coro", "timestamp": "2025-07-21T22:16:53.075627Z", "level": "INFO"}
{"message": "Transaction added to pool", "pool_size": 30, "transaction_type": "TRANSFER", "sender": "-----BEGIN PUBLIC KE...", "receiver": "-----BEGIN PUBLIC KE...", "source": "API", "taskName": "starlette.middleware.base.BaseHTTPMiddleware.__call__.<locals>.call_next.<locals>.coro", "timestamp": "2025-07-21T22:16:53.080303Z", "level": "INFO"}
{"message": "Checking forging requirement", "forging_required": false, "pool_size": 30, "node_public_key": "-----BEGIN PUBLIC KE...", "source": "API", "taskName": "starlette.middleware.base.BaseHTTPMiddleware.__call__.<locals>.call_next.<locals>.coro", "timestamp": "2025-07-21T22:16:53.081328Z", "level": "INFO"}
{"message": "Transaction added to pool", "pool_size": 31, "transaction_type": "TRANSFER", "sender": "-----BEGIN PUBLIC KE...", "receiver": "-----BEGIN PUBLIC KE...", "source": "API", "taskName": "starlette.middleware.base.BaseHTTPMiddleware.__call__.<locals>.call_next.<locals>.coro", "timestamp": "2025-07-21T22:16:53.118703Z", "level": "INFO"}
{"message": "Transaction added to pool", "pool_size": 32, "transaction_type": "TRANSFER", "sender": "-----BEGIN PUBLIC KE...", "receiver": "-----BEGIN PUBLIC KE...", "source": "API", "taskName": "starlette.middleware.base.BaseHTTPMiddleware.__call__.<locals>.call_next.<locals>.coro", "timestamp": "2025-07-21T22:16:53.832023Z", "level": "INFO"}
{"message": "Transaction added to pool", "pool_size": 33, "transaction_type": "TRANSFER", "sender": "-----BEGIN PUBLIC KE...", "receiver": "-----BEGIN PUBLIC KE...", "source": "API", "taskName": "starlette.middleware.base.BaseHTTPMiddleware.__call__.<locals>.call_next.<locals>.coro", "timestamp": "2025-07-21T22:16:53.856812Z", "level": "INFO"}
{"message": "Transaction added to pool", "pool_size": 34, "transaction_type": "TRANSFER", "sender": "-----BEGIN PUBLIC KE...", "receiver": "-----BEGIN PUBLIC KE...", "source": "API", "taskName": "starlette.middleware.base.BaseHTTPMiddleware.__call__.<locals>.call_next.<locals>.coro", "timestamp": "2025-07-21T22:16:53.879437Z", "level": "INFO"}
{"message": "Transaction added to pool", "pool_size": 35, "transaction_type": "TRANSFER", "sender": "-----BEGIN PUBLIC KE...", "receiver": "-----BEGIN PUBLIC KE...", "source": "API", "taskName": "starlette.middleware.base.BaseHTTPMiddleware.__call__.<locals>.call_next.<locals>.coro", "timestamp": "2025-07-21T22:16:53.921145Z", "level": "INFO"}
{"message": "Checking forging requirement", "forging_required": false, "pool_size": 35, "node_public_key": "-----BEGIN PUBLIC KE...", "source": "API", "taskName": "starlette.middleware.base.BaseHTTPMiddleware.__call__.<locals>.call_next.<locals>.coro", "timestamp": "2025-07-21T22:16:53.922183Z", "level": "INFO"}
{"message": "Transaction added to pool", "pool_size": 36, "transaction_type": "TRANSFER", "sender": "-----BEGIN PUBLIC KE...", "receiver": "-----BEGIN PUBLIC KE...", "source": "API", "taskName": "starlette.middleware.base.BaseHTTPMiddleware.__call__.<locals>.call_next.<locals>.coro", "timestamp": "2025-07-21T22:16:53.939799Z", "level": "INFO"}
{"message": "Transaction added to pool", "pool_size": 37, "transaction_type": "TRANSFER", "sender": "-----BEGIN PUBLIC KE...", "receiver": "-----BEGIN PUBLIC KE...", "source": "P2P", "taskName": null, "timestamp": "2025-07-21T22:16:54.406977Z", "level": "INFO"}
{"message": "Transaction added to pool", "pool_size": 38, "transaction_type": "TRANSFER", "sender": "-----BEGIN PUBLIC KE...", "receiver": "-----BEGIN PUBLIC KE...", "source": "P2P", "taskName": null, "timestamp": "2025-07-21T22:16:54.408053Z", "level": "INFO"}
{"message": "Transaction added to pool", "pool_size": 39, "transaction_type": "TRANSFER", "sender": "-----BEGIN PUBLIC KE...", "receiver": "-----BEGIN PUBLIC KE...", "source": "P2P", "taskName": null, "timestamp": "2025-07-21T22:16:54.408053Z", "level": "INFO"}
{"message": "Transaction added to pool", "pool_size": 40, "transaction_type": "TRANSFER", "sender": "-----BEGIN PUBLIC KE...", "receiver": "-----BEGIN PUBLIC KE...", "source": "P2P", "taskName": null, "timestamp": "2025-07-21T22:16:54.409560Z", "level": "INFO"}
{"message": "Checking forging requirement", "forging_required": false, "pool_size": 40, "node_public_key": "-----BEGIN PUBLIC KE...", "source": "P2P", "taskName": null, "timestamp": "2025-07-21T22:16:54.410568Z", "level": "INFO"}
{"message": "Transaction added to pool", "pool_size": 41, "transaction_type": "TRANSFER", "sender": "-----BEGIN PUBLIC KE...", "receiver": "-----BEGIN PUBLIC KE...", "source": "P2P", "taskName": null, "timestamp": "2025-07-21T22:16:54.411605Z", "level": "INFO"}
{"message": "Transaction added to pool", "pool_size": 42, "transaction_type": "TRANSFER", "sender": "-----BEGIN PUBLIC KE...", "receiver": "-----BEGIN PUBLIC KE...", "source": "P2P", "taskName": null, "timestamp": "2025-07-21T22:16:54.411605Z", "level": "INFO"}
{"message": "Transaction added to pool", "pool_size": 43, "transaction_type": "TRANSFER", "sender": "-----BEGIN PUBLIC KE...", "receiver": "-----BEGIN PUBLIC KE...", "source": "P2P", "taskName": null, "timestamp": "2025-07-21T22:16:54.413645Z", "level": "INFO"}
{"message": "Transaction added to pool", "pool_size": 44, "transaction_type": "TRANSFER", "sender": "-----BEGIN PUBLIC KE...", "receiver": "-----BEGIN PUBLIC KE...", "source": "API", "taskName": "starlette.middleware.base.BaseHTTPMiddleware.__call__.<locals>.call_next.<locals>.coro", "timestamp": "2025-07-21T22:16:54.419512Z", "level": "INFO"}
{"message": "Transaction added to pool", "pool_size": 45, "transaction_type": "TRANSFER", "sender": "-----BEGIN PUBLIC KE...", "receiver": "-----BEGIN PUBLIC KE...", "source": "API", "taskName": "starlette.middleware.base.BaseHTTPMiddleware.__call__.<locals>.call_next.<locals>.coro", "timestamp": "2025-07-21T22:16:54.497845Z", "level": "INFO"}
{"message": "Checking forging requirement", "forging_required": false, "pool_size": 45, "node_public_key": "-----BEGIN PUBLIC KE...", "source": "API", "taskName": "starlette.middleware.base.BaseHTTPMiddleware.__call__.<locals>.call_next.<locals>.coro", "timestamp": "2025-07-21T22:16:54.498377Z", "level": "INFO"}
{"message": "Transaction added to pool", "pool_size": 46, "transaction_type": "TRANSFER", "sender": "-----BEGIN PUBLIC KE...", "receiver": "-----BEGIN PUBLIC KE...", "source": "API", "taskName": "starlette.middleware.base.BaseHTTPMiddleware.__call__.<locals>.call_next.<locals>.coro", "timestamp": "2025-07-21T22:16:54.567882Z", "level": "INFO"}
{"message": "Transaction added to pool", "pool_size": 47, "transaction_type": "TRANSFER", "sender": "-----BEGIN PUBLIC KE...", "receiver": "-----BEGIN PUBLIC KE...", "source": "API", "taskName": "starlette.middleware.base.BaseHTTPMiddleware.__call__.<locals>.call_next.<locals>.coro", "timestamp": "2025-07-21T22:16:54.607105Z", "level": "INFO"}
{"message": "Transaction added to pool", "pool_size": 48, "transaction_type": "TRANSFER", "sender": "-----BEGIN PUBLIC KE...", "receiver": "-----BEGIN PUBLIC KE...", "source": "API", "taskName": "starlette.middleware.base.BaseHTTPMiddleware.__call__.<locals>.call_next.<locals>.coro", "timestamp": "2025-07-21T22:16:54.608668Z", "level": "INFO"}
{"message": "Transaction added to pool", "pool_size": 49, "transaction_type": "TRANSFER", "sender": "-----BEGIN PUBLIC KE...", "receiver": "-----BEGIN PUBLIC KE...", "source": "API", "taskName": "starlette.middleware.base.BaseHTTPMiddleware.__call__.<locals>.call_next.<locals>.coro", "timestamp": "2025-07-21T22:16:54.792515Z", "level": "INFO"}
{"message": "Transaction added to pool", "pool_size": 50, "transaction_type": "TRANSFER", "sender": "-----BEGIN PUBLIC KE...", "receiver": "-----BEGIN PUBLIC KE...", "source": "API", "taskName": "starlette.middleware.base.BaseHTTPMiddleware.__call__.<locals>.call_next.<locals>.coro", "timestamp": "2025-07-21T22:16:54.797205Z", "level": "INFO"}
{"message": "Checking forging requirement", "forging_required": false, "pool_size": 50, "node_public_key": "-----BEGIN PUBLIC KE...", "source": "API", "taskName": "starlette.middleware.base.BaseHTTPMiddleware.__call__.<locals>.call_next.<locals>.coro", "timestamp": "2025-07-21T22:16:54.797737Z", "level": "INFO"}
{"message": "Transaction added to pool", "pool_size": 51, "transaction_type": "TRANSFER", "sender": "-----BEGIN PUBLIC KE...", "receiver": "-----BEGIN PUBLIC KE...", "source": "API", "taskName": "starlette.middleware.base.BaseHTTPMiddleware.__call__.<locals>.call_next.<locals>.coro", "timestamp": "2025-07-21T22:16:54.850471Z", "level": "INFO"}
{"message": "Transaction added to pool", "pool_size": 52, "transaction_type": "TRANSFER", "sender": "-----BEGIN PUBLIC KE...", "receiver": "-----BEGIN PUBLIC KE...", "source": "API", "taskName": "starlette.middleware.base.BaseHTTPMiddleware.__call__.<locals>.call_next.<locals>.coro", "timestamp": "2025-07-21T22:16:54.855471Z", "level": "INFO"}
{"message": "Transaction added to pool", "pool_size": 53, "transaction_type": "TRANSFER", "sender": "-----BEGIN PUBLIC KE...", "receiver": "-----BEGIN PUBLIC KE...", "source": "API", "taskName": "starlette.middleware.base.BaseHTTPMiddleware.__call__.<locals>.call_next.<locals>.coro", "timestamp": "2025-07-21T22:16:54.860041Z", "level": "INFO"}
{"message": "Transaction added to pool", "pool_size": 54, "transaction_type": "TRANSFER", "sender": "-----BEGIN PUBLIC KE...", "receiver": "-----BEGIN PUBLIC KE...", "source": "API", "taskName": "starlette.middleware.base.BaseHTTPMiddleware.__call__.<locals>.call_next.<locals>.coro", "timestamp": "2025-07-21T22:16:54.889197Z", "level": "INFO"}
{"message": "Transaction added to pool", "pool_size": 55, "transaction_type": "TRANSFER", "sender": "-----BEGIN PUBLIC KE...", "receiver": "-----BEGIN PUBLIC KE...", "source": "API", "taskName": "starlette.middleware.base.BaseHTTPMiddleware.__call__.<locals>.call_next.<locals>.coro", "timestamp": "2025-07-21T22:16:54.894367Z", "level": "INFO"}
{"message": "Checking forging requirement", "forging_required": false, "pool_size": 55, "node_public_key": "-----BEGIN PUBLIC KE...", "source": "API", "taskName": "starlette.middleware.base.BaseHTTPMiddleware.__call__.<locals>.call_next.<locals>.coro", "timestamp": "2025-07-21T22:16:54.894887Z", "level": "INFO"}
{"message": "Transaction added to pool", "pool_size": 56, "transaction_type": "TRANSFER", "sender": "-----BEGIN PUBLIC KE...", "receiver": "-----BEGIN PUBLIC KE...", "source": "API", "taskName": "starlette.middleware.base.BaseHTTPMiddleware.__call__.<locals>.call_next.<locals>.coro", "timestamp": "2025-07-21T22:16:54.910042Z", "level": "INFO"}
{"message": "Transaction added to pool", "pool_size": 57, "transaction_type": "TRANSFER", "sender": "-----BEGIN PUBLIC KE...", "receiver": "-----BEGIN PUBLIC KE...", "source": "P2P", "taskName": null, "timestamp": "2025-07-21T22:16:54.916762Z", "level": "INFO"}
{"message": "Transaction added to pool", "pool_size": 58, "transaction_type": "TRANSFER", "sender": "-----BEGIN PUBLIC KE...", "receiver": "-----BEGIN PUBLIC KE...", "source": "P2P", "taskName": null, "timestamp": "2025-07-21T22:16:54.917801Z", "level": "INFO"}
{"message": "Transaction added to pool", "pool_size": 59, "transaction_type": "TRANSFER", "sender": "-----BEGIN PUBLIC KE...", "receiver": "-----BEGIN PUBLIC KE...", "source": "P2P", "taskName": null, "timestamp": "2025-07-21T22:16:54.918844Z", "level": "INFO"}
{"message": "Transaction added to pool", "pool_size": 60, "transaction_type": "TRANSFER", "sender": "-----BEGIN PUBLIC KE...", "receiver": "-----BEGIN PUBLIC KE...", "source": "P2P", "taskName": null, "timestamp": "2025-07-21T22:16:54.920359Z", "level": "INFO"}
{"message": "Checking forging requirement", "forging_required": false, "pool_size": 60, "node_public_key": "-----BEGIN PUBLIC KE...", "source": "P2P", "taskName": null, "timestamp": "2025-07-21T22:16:54.920892Z", "level": "INFO"}
{"message": "Transaction added to pool", "pool_size": 61, "transaction_type": "TRANSFER", "sender": "-----BEGIN PUBLIC KE...", "receiver": "-----BEGIN PUBLIC KE...", "source": "P2P", "taskName": null, "timestamp": "2025-07-21T22:16:54.922460Z", "level": "INFO"}
{"message": "Transaction added to pool", "pool_size": 62, "transaction_type": "TRANSFER", "sender": "-----BEGIN PUBLIC KE...", "receiver": "-----BEGIN PUBLIC KE...", "source": "P2P", "taskName": null, "timestamp": "2025-07-21T22:16:54.923506Z", "level": "INFO"}
{"message": "Transaction added to pool", "pool_size": 63, "transaction_type": "TRANSFER", "sender": "-----BEGIN PUBLIC KE...", "receiver": "-----BEGIN PUBLIC KE...", "source": "P2P", "taskName": null, "timestamp": "2025-07-21T22:16:54.924029Z", "level": "INFO"}
{"message": "Transaction added to pool", "pool_size": 64, "transaction_type": "TRANSFER", "sender": "-----BEGIN PUBLIC KE...", "receiver": "-----BEGIN PUBLIC KE...", "source": "P2P", "taskName": null, "timestamp": "2025-07-21T22:16:54.925545Z", "level": "INFO"}
{"message": "Transaction added to pool", "pool_size": 65, "transaction_type": "TRANSFER", "sender": "-----BEGIN PUBLIC KE...", "receiver": "-----BEGIN PUBLIC KE...", "source": "P2P", "taskName": null, "timestamp": "2025-07-21T22:16:54.927583Z", "level": "INFO"}
{"message": "Checking forging requirement", "forging_required": false, "pool_size": 65, "node_public_key": "-----BEGIN PUBLIC KE...", "source": "P2P", "taskName": null, "timestamp": "2025-07-21T22:16:54.927698Z", "level": "INFO"}
{"message": "Transaction added to pool", "pool_size": 66, "transaction_type": "TRANSFER", "sender": "-----BEGIN PUBLIC KE...", "receiver": "-----BEGIN PUBLIC KE...", "source": "P2P", "taskName": null, "timestamp": "2025-07-21T22:16:54.928722Z", "level": "INFO"}
{"message": "Transaction added to pool", "pool_size": 67, "transaction_type": "TRANSFER", "sender": "-----BEGIN PUBLIC KE...", "receiver": "-----BEGIN PUBLIC KE...", "source": "API", "taskName": "starlette.middleware.base.BaseHTTPMiddleware.__call__.<locals>.call_next.<locals>.coro", "timestamp": "2025-07-21T22:16:55.149682Z", "level": "INFO"}
{"message": "Transaction added to pool", "pool_size": 68, "transaction_type": "TRANSFER", "sender": "-----BEGIN PUBLIC KE...", "receiver": "-----BEGIN PUBLIC KE...", "source": "API", "taskName": "starlette.middleware.base.BaseHTTPMiddleware.__call__.<locals>.call_next.<locals>.coro", "timestamp": "2025-07-21T22:16:55.153390Z", "level": "INFO"}
{"message": "Transaction added to pool", "pool_size": 69, "transaction_type": "TRANSFER", "sender": "-----BEGIN PUBLIC KE...", "receiver": "-----BEGIN PUBLIC KE...", "source": "API", "taskName": "starlette.middleware.base.BaseHTTPMiddleware.__call__.<locals>.call_next.<locals>.coro", "timestamp": "2025-07-21T22:16:55.172488Z", "level": "INFO"}
{"message": "Transaction added to pool", "pool_size": 70, "transaction_type": "TRANSFER", "sender": "-----BEGIN PUBLIC KE...", "receiver": "-----BEGIN PUBLIC KE...", "source": "API", "taskName": "starlette.middleware.base.BaseHTTPMiddleware.__call__.<locals>.call_next.<locals>.coro", "timestamp": "2025-07-21T22:16:55.180236Z", "level": "INFO"}
{"message": "Checking forging requirement", "forging_required": false, "pool_size": 70, "node_public_key": "-----BEGIN PUBLIC KE...", "source": "API", "taskName": "starlette.middleware.base.BaseHTTPMiddleware.__call__.<locals>.call_next.<locals>.coro", "timestamp": "2025-07-21T22:16:55.182237Z", "level": "INFO"}
{"message": "Transaction added to pool", "pool_size": 71, "transaction_type": "TRANSFER", "sender": "-----BEGIN PUBLIC KE...", "receiver": "-----BEGIN PUBLIC KE...", "source": "API", "taskName": "starlette.middleware.base.BaseHTTPMiddleware.__call__.<locals>.call_next.<locals>.coro", "timestamp": "2025-07-21T22:16:55.247205Z", "level": "INFO"}
{"message": "Transaction added to pool", "pool_size": 72, "transaction_type": "TRANSFER", "sender": "-----BEGIN PUBLIC KE...", "receiver": "-----BEGIN PUBLIC KE...", "source": "API", "taskName": "starlette.middleware.base.BaseHTTPMiddleware.__call__.<locals>.call_next.<locals>.coro", "timestamp": "2025-07-21T22:16:55.255660Z", "level": "INFO"}
{"message": "Transaction added to pool", "pool_size": 73, "transaction_type": "TRANSFER", "sender": "-----BEGIN PUBLIC KE...", "receiver": "-----BEGIN PUBLIC KE...", "source": "P2P", "taskName": null, "timestamp": "2025-07-21T22:18:04.795096Z", "level": "INFO"}
{"message": "Checking forging requirement", "forging_required": true, "pool_size": 73, "node_public_key": "-----BEGIN PUBLIC KE...", "source": "P2P", "taskName": null, "timestamp": "2025-07-21T22:18:04.796103Z", "level": "INFO"}
{"message": "Attempting to forge block", "source": "P2P", "taskName": null, "timestamp": "2025-07-21T22:18:04.796103Z", "level": "INFO"}
{"message": "Forging attempt", "selected_forger": "-----BEGIN PUBLIC KEY-----\nMIIBIjANBgkqhkiG9w0BAQE...", "my_public_key": "-----BEGIN PUBLIC KEY-----\nMIIBIjANBgkqhkiG9w0BAQE...", "am_i_forger": true, "transactions_in_pool": 73, "current_blockchain_length": 12, "taskName": null, "timestamp": "2025-07-21T22:18:04.797104Z", "level": "INFO"}
{"message": "I am selected as forger, proceeding with block creation", "expected_block_count": 12, "current_time": 1753136284.7981067, "transactions_available": 73, "taskName": null, "timestamp": "2025-07-21T22:18:04.798106Z", "level": "INFO"}
{"message": "Created block exceeds size limit: 1145 > 1024 bytes", "taskName": null, "timestamp": "2025-07-21T22:18:04.799323Z", "level": "WARNING"}
{"message": "Block forged successfully", "block_number": 12, "transactions_included": 0, "forger": "-----BEGIN PUBLIC KE...", "block_timestamp": 1753136284.7981067, "block_hash": "0b39e1d9ddcdea7d...", "remaining_in_pool": 73, "taskName": null, "timestamp": "2025-07-21T22:18:04.800331Z", "level": "INFO"}
{"message": "Block broadcast to network", "block_number": 12, "remaining_transactions": 73, "peers_notified": 1, "taskName": null, "timestamp": "2025-07-21T22:18:04.801333Z", "level": "INFO"}
{"message": "Transaction added to pool", "pool_size": 74, "transaction_type": "TRANSFER", "sender": "-----BEGIN PUBLIC KE...", "receiver": "-----BEGIN PUBLIC KE...", "source": "P2P", "taskName": null, "timestamp": "2025-07-21T22:18:04.802332Z", "level": "INFO"}
{"message": "Transaction added to pool", "pool_size": 75, "transaction_type": "TRANSFER", "sender": "-----BEGIN PUBLIC KE...", "receiver": "-----BEGIN PUBLIC KE...", "source": "P2P", "taskName": null, "timestamp": "2025-07-21T22:18:04.803334Z", "level": "INFO"}
{"message": "Checking forging requirement", "forging_required": false, "pool_size": 75, "node_public_key": "-----BEGIN PUBLIC KE...", "source": "P2P", "taskName": null, "timestamp": "2025-07-21T22:18:04.804333Z", "level": "INFO"}
{"message": "Transaction added to pool", "pool_size": 76, "transaction_type": "TRANSFER", "sender": "-----BEGIN PUBLIC KE...", "receiver": "-----BEGIN PUBLIC KE...", "source": "P2P", "taskName": null, "timestamp": "2025-07-21T22:18:04.805332Z", "level": "INFO"}
{"message": "Transaction added to pool", "pool_size": 77, "transaction_type": "TRANSFER", "sender": "-----BEGIN PUBLIC KE...", "receiver": "-----BEGIN PUBLIC KE...", "source": "P2P", "taskName": null, "timestamp": "2025-07-21T22:18:04.806334Z", "level": "INFO"}
{"message": "Received block from network", "block_number": 12, "forger": "-----BEGIN PUBLIC KEY-----\nMII...", "transactions_count": 0, "current_blockchain_length": 13, "block_hash": "0b39e1d9ddcdea7d...", "taskName": null, "timestamp": "2025-07-21T22:19:56.256091Z", "level": "INFO"}
{"message": "Block already seen, ignoring to prevent loops", "block_hash": "0b39e1d9ddcdea7d...", "taskName": null, "timestamp": "2025-07-21T22:19:56.256091Z", "level": "INFO"}
{"message": "Node connection status", "connections": "Current connections: ['localhost: 10000']", "peer_count": 1, "whoami": "<blockchain.p2p.socket_connector.SocketConnector object at 0x0000020A77966540>", "taskName": null, "timestamp": "2025-07-21T22:32:17.864244Z", "level": "INFO"}
{"message": "Node connection status", "connections": "Current connections: ['localhost: 10000']", "peer_count": 1, "whoami": "<blockchain.p2p.socket_connector.SocketConnector object at 0x0000020A77966540>", "taskName": null, "timestamp": "2025-07-21T23:09:47.867224Z", "level": "INFO"}
{"message": "Node connection status", "connections": "Current connections: ['localhost: 10000']", "peer_count": 1, "whoami": "<blockchain.p2p.socket_connector.SocketConnector object at 0x0000020A77966540>", "taskName": null, "timestamp": "2025-07-22T00:03:57.876216Z", "level": "INFO"}
{"message": "Node connection status", "connections": "Current connections: ['localhost: 10000']", "peer_count": 1, "whoami": "<blockchain.p2p.socket_connector.SocketConnector object at 0x0000020A77966540>", "taskName": null, "timestamp": "2025-07-22T01:14:47.886067Z", "level": "INFO"}
{"message": "Node connection status", "connections": "Current connections: ['localhost: 10000']", "peer_count": 1, "whoami": "<blockchain.p2p.socket_connector.SocketConnector object at 0x0000020A77966540>", "taskName": null, "timestamp": "2025-07-22T02:42:17.895310Z", "level": "INFO"}
{"message": "Node connection status", "connections": "Current connections: ['localhost: 10000']", "peer_count": 1, "whoami": "<blockchain.p2p.socket_connector.SocketConnector object at 0x0000020A77966540>", "taskName": null, "timestamp": "2025-07-22T04:21:47.896463Z", "level": "INFO"}
{"message": "Node connection status", "connections": "Current connections: ['localhost: 10000']", "peer_count": 1, "whoami": "<blockchain.p2p.socket_connector.SocketConnector object at 0x0000020A77966540>", "taskName": null, "timestamp": "2025-07-22T06:01:47.905242Z", "level": "INFO"}
{"message": "Node connection status", "connections": "Current connections: ['localhost: 10000']", "peer_count": 1, "whoami": "<blockchain.p2p.socket_connector.SocketConnector object at 0x0000020A77966540>", "taskName": null, "timestamp": "2025-07-22T07:41:47.905115Z", "level": "INFO"}
{"message": "Node connection status", "connections": "Current connections: ['localhost: 10000']", "peer_count": 1, "whoami": "<blockchain.p2p.socket_connector.SocketConnector object at 0x0000020A77966540>", "taskName": null, "timestamp": "2025-07-22T09:21:47.913675Z", "level": "INFO"}
{"message": "Node connection status", "connections": "Current connections: ['localhost: 10000']", "peer_count": 1, "whoami": "<blockchain.p2p.socket_connector.SocketConnector object at 0x0000020A77966540>", "taskName": null, "timestamp": "2025-07-22T11:01:47.915244Z", "level": "INFO"}
{"message": "Node connection status", "connections": "Current connections: ['localhost: 10000']", "peer_count": 1, "whoami": "<blockchain.p2p.socket_connector.SocketConnector object at 0x0000020A77966540>", "taskName": null, "timestamp": "2025-07-22T12:41:47.924883Z", "level": "INFO"}
{"message": "Node connection status", "connections": "Current connections: ['localhost: 10000']", "peer_count": 1, "whoami": "<blockchain.p2p.socket_connector.SocketConnector object at 0x0000020A77966540>", "taskName": null, "timestamp": "2025-07-22T14:21:47.925408Z", "level": "INFO"}
{"message": "Node connection status", "connections": "Current connections: ['localhost: 10000']", "peer_count": 1, "whoami": "<blockchain.p2p.socket_connector.SocketConnector object at 0x0000020A77966540>", "taskName": null, "timestamp": "2025-07-22T16:01:47.917931Z", "level": "INFO"}
{"message": "Node connection status", "connections": "Current connections: ['localhost: 10000']", "peer_count": 1, "whoami": "<blockchain.p2p.socket_connector.SocketConnector object at 0x0000020A77966540>", "taskName": null, "timestamp": "2025-07-22T17:41:47.914317Z", "level": "INFO"}
